SONARQUBE ISSUES LOG
====================

[MAJOR] 404.html:1 - Add "lang" and/or "xml:lang" attributes to the "<html>" or "<body>" element (Rule: Web:S5254)
[MAJOR] 404.html:1 - Extract the assignment of "self.__next_f" from this expression. (Rule: javascript:S1121)
[MAJOR] _next/static/chunks/app/(root)/layout-b954374157bf59f8.js:1 - Extract the assignment of "self.webpackChunk_N_E" from this expression. (Rule: javascript:S1121)
[MAJOR] _next/static/chunks/app/(root)/layout-b954374157bf59f8.js:1 - Extract the assignment of "n.s" from this expression. (Rule: javascript:S1121)
[MAJOR] _next/static/chunks/app/(root)/layout-b954374157bf59f8.js:1 - Unexpected use of comma operator. (Rule: javascript:S878)
[BLOCKER] _next/static/chunks/app/(root)/layout-b954374157bf59f8.js:1 - Add the "let", "const" or "var" keyword to this declaration of "_N_E" to make it explicit. (Rule: javascript:S2703)
[MAJOR] _next/static/chunks/app/(root)/page-0f16f85097735365.js:1 - Extract the assignment of "self.webpackChunk_N_E" from this expression. (Rule: javascript:S1121)
[MAJOR] _next/static/chunks/app/(root)/page-0f16f85097735365.js:1 - Extract the assignment of "n.s" from this expression. (Rule: javascript:S1121)
[MAJOR] _next/static/chunks/app/(root)/page-0f16f85097735365.js:1 - Unexpected use of comma operator. (Rule: javascript:S878)
[BLOCKER] _next/static/chunks/app/(root)/page-0f16f85097735365.js:1 - Add the "let", "const" or "var" keyword to this declaration of "_N_E" to make it explicit. (Rule: javascript:S2703)
[MAJOR] ar.html:1 - Add an "id" attribute to this input field and associate it with a label. (Rule: Web:InputWithoutLabelCheck)
[MAJOR] ar.html:1 - Extract the assignment of "self.__next_f" from this expression. (Rule: javascript:S1121)
[MAJOR] en.html:1 - Add an "id" attribute to this input field and associate it with a label. (Rule: Web:InputWithoutLabelCheck)
[MAJOR] en.html:1 - Extract the assignment of "self.__next_f" from this expression. (Rule: javascript:S1121)
[MAJOR] index.html:1 - Add a <title> tag to this page. (Rule: Web:PageWithoutTitleCheck)
[MAJOR] index.html:1 - Add "lang" and/or "xml:lang" attributes to the "<html>" or "<body>" element (Rule: Web:S5254)
[MAJOR] index.html:1 - Extract the assignment of "self.__next_f" from this expression. (Rule: javascript:S1121)
[MAJOR] _next/static/chunks/app/(root)/layout-9d8d08c6ffe7e082.js:1 - Extract the assignment of "self.webpackChunk_N_E" from this expression. (Rule: javascript:S1121)
[MAJOR] _next/static/chunks/app/(root)/layout-9d8d08c6ffe7e082.js:1 - Extract the assignment of "n.s" from this expression. (Rule: javascript:S1121)
[MAJOR] _next/static/chunks/app/(root)/layout-9d8d08c6ffe7e082.js:1 - Unexpected use of comma operator. (Rule: javascript:S878)
[BLOCKER] _next/static/chunks/app/(root)/layout-9d8d08c6ffe7e082.js:1 - Add the "let", "const" or "var" keyword to this declaration of "_N_E" to make it explicit. (Rule: javascript:S2703)
[MINOR] src/app/(root)/layout.tsx:1 - Mark the props of the component as read-only. (Rule: typescript:S6759)
[MINOR] src/app/[lang]/layout.tsx:56 - Mark the props of the component as read-only. (Rule: typescript:S6759)
[MAJOR] src/components/home/HowItWorks.tsx:46 - Do not use Array index in keys (Rule: typescript:S6479)
[MAJOR] src/components/home/InsightsPreview.tsx:23 - Extract this nested ternary operation into an independent statement. (Rule: typescript:S3358)
[MINOR] src/components/layout/Navbar.tsx:7 - Remove this unused import of 'User'. (Rule: typescript:S1128)
[MINOR] src/components/layout/Navbar.tsx:11 - Mark the props of the component as read-only. (Rule: typescript:S6759)
[MINOR] src/components/layout/Navbar.tsx:37 - `String.raw` should be used to avoid escaping `\`. (Rule: typescript:S7780)
[MAJOR] src/components/layout/Navbar.tsx:94 - Add an explicit "type" attribute to this button. (Rule: typescript:S9011)
[MINOR] src/components/providers/DictionaryProvider.tsx:8 - Mark the props of the component as read-only. (Rule: typescript:S6759)
[MINOR] src/components/shared/FramerMotionProvider.tsx:5 - Mark the props of the component as read-only. (Rule: typescript:S6759)
[MAJOR] src/components/wizard/FindTrainingWizard.tsx:128 - Extract this nested ternary operation into an independent statement. (Rule: typescript:S3358)
[MINOR] _next/static/-BqRGOVP5OaL9mU-0VqL6/_ssgManifest.js:1 - Prefer using an optional chain expression instead, as it's more concise and easier to read. (Rule: javascript:S6582)
[MAJOR] contact.html:1 - Extract the assignment of "self.__next_f" from this expression. (Rule: javascript:S1121)
[MAJOR] find-training.html:1 - Extract the assignment of "self.__next_f" from this expression. (Rule: javascript:S1121)
[MAJOR] for-providers.html:1 - Extract the assignment of "self.__next_f" from this expression. (Rule: javascript:S1121)
[MAJOR] research.html:1 - Extract the assignment of "self.__next_f" from this expression. (Rule: javascript:S1121)
[MAJOR] research/ai-adoption-starts-with-people.html:15 - Extract the assignment of "self.__next_f" from this expression. (Rule: javascript:S1121)
[MAJOR] research/buying-training-like-a-cfo.html:21 - Extract the assignment of "self.__next_f" from this expression. (Rule: javascript:S1121)
[MAJOR] research/gcc-corporate-training-market-2026.html:12 - Extract the assignment of "self.__next_f" from this expression. (Rule: javascript:S1121)
[MAJOR] research/how-we-verify-an-opportunity.html:11 - Extract the assignment of "self.__next_f" from this expression. (Rule: javascript:S1121)
[MAJOR] research/middle-managers-retention-lever.html:14 - Extract the assignment of "self.__next_f" from this expression. (Rule: javascript:S1121)
[MINOR] _next/static/14FBgmU6InPutYYu7CNDT/_ssgManifest.js:1 - Prefer using an optional chain expression instead, as it's more concise and easier to read. (Rule: javascript:S6582)
[MAJOR] insights.html:1 - Extract the assignment of "self.__next_f" from this expression. (Rule: javascript:S1121)
[MAJOR] insights/ai-adoption-starts-with-people.html:15 - Extract the assignment of "self.__next_f" from this expression. (Rule: javascript:S1121)
[MAJOR] insights/buying-training-like-a-cfo.html:21 - Extract the assignment of "self.__next_f" from this expression. (Rule: javascript:S1121)
[MAJOR] insights/gcc-corporate-training-market-2026.html:12 - Extract the assignment of "self.__next_f" from this expression. (Rule: javascript:S1121)
[MAJOR] insights/how-we-verify-an-opportunity.html:11 - Extract the assignment of "self.__next_f" from this expression. (Rule: javascript:S1121)
[MAJOR] insights/middle-managers-retention-lever.html:14 - Extract the assignment of "self.__next_f" from this expression. (Rule: javascript:S1121)
[MINOR] _next/static/0NeKofsvSAFn7fZYtUFIl/_ssgManifest.js:1 - Prefer using an optional chain expression instead, as it's more concise and easier to read. (Rule: javascript:S6582)
[MINOR] _next/static/uIybmQC26v308-CYlQfF-/_ssgManifest.js:1 - Prefer using an optional chain expression instead, as it's more concise and easier to read. (Rule: javascript:S6582)
[MINOR] _next/static/yYO5G1K2E5jvsRqc_X6-6/_ssgManifest.js:1 - Prefer using an optional chain expression instead, as it's more concise and easier to read. (Rule: javascript:S6582)
[MINOR] _next/static/-zomK43AeJFaA5KcpPkFL/_ssgManifest.js:1 - Prefer using an optional chain expression instead, as it's more concise and easier to read. (Rule: javascript:S6582)
[MAJOR] _next/static/chunks/app/_not-found/page-c1bbe1b4bc8170a6.js:1 - Extract the assignment of "self.webpackChunk_N_E" from this expression. (Rule: javascript:S1121)
[MAJOR] _next/static/chunks/app/_not-found/page-c1bbe1b4bc8170a6.js:1 - Extract the assignment of "n.s" from this expression. (Rule: javascript:S1121)
[MAJOR] _next/static/chunks/app/_not-found/page-c1bbe1b4bc8170a6.js:1 - Unexpected use of comma operator. (Rule: javascript:S878)
[BLOCKER] _next/static/chunks/app/_not-found/page-c1bbe1b4bc8170a6.js:1 - Add the "let", "const" or "var" keyword to this declaration of "_N_E" to make it explicit. (Rule: javascript:S2703)
[MINOR] _next/static/tnHjZr3a9kyfFOfzokHXo/_ssgManifest.js:1 - Prefer using an optional chain expression instead, as it's more concise and easier to read. (Rule: javascript:S6582)
[MINOR] src/app/[lang]/research/InsightsClient.tsx:9 - Mark the props of the component as read-only. (Rule: typescript:S6759)
[MAJOR] src/app/[lang]/contact/page.tsx:28 - Ambiguous spacing after previous element span (Rule: typescript:S6772)
[MAJOR] src/app/[lang]/contact/page.tsx:32 - Ambiguous spacing after previous element span (Rule: typescript:S6772)
[MINOR] src/app/[lang]/research/[slug]/page.tsx:20 - Mark the props of the component as read-only. (Rule: typescript:S6759)
[MINOR] src/components/home/StatsCounter.tsx:13 - Mark the props of the component as read-only. (Rule: typescript:S6759)
[MINOR] src/components/shared/Reveal.tsx:11 - Mark the props of the component as read-only. (Rule: typescript:S6759)
[MINOR] src/components/shared/SectionHeading.tsx:10 - Mark the props of the component as read-only. (Rule: typescript:S6759)
[MAJOR] src/components/wizard/FindTrainingWizard.tsx:125 - Extract this nested ternary operation into an independent statement. (Rule: typescript:S3358)
[MINOR] src/components/wizard/fields.tsx:71 - Mark the props of the component as read-only. (Rule: typescript:S6759)
[MINOR] src/components/wizard/steps.tsx:19 - Mark the props of the component as read-only. (Rule: typescript:S6759)
[MINOR] src/components/wizard/steps.tsx:49 - Mark the props of the component as read-only. (Rule: typescript:S6759)
[MINOR] src/components/wizard/steps.tsx:72 - Mark the props of the component as read-only. (Rule: typescript:S6759)
[MINOR] src/components/wizard/steps.tsx:113 - Mark the props of the component as read-only. (Rule: typescript:S6759)
[MINOR] src/components/wizard/steps.tsx:140 - Mark the props of the component as read-only. (Rule: typescript:S6759)
[MINOR] src/lib/posts.ts:1 - Prefer `node:fs` over `fs`. (Rule: typescript:S7772)
[MINOR] src/lib/posts.ts:2 - Prefer `node:path` over `path`. (Rule: typescript:S7772)
